<?xml version="1.0" encoding="utf-8"?><testsuites name="pytest tests"><testsuite name="pytest" errors="0" failures="0" skipped="0" tests="16" time="42.179" timestamp="2026-06-08T13:07:08.874239+00:00" hostname="agent-env-d6ef348f-d92e-43bd-a8a0-215c71d38454"><testcase classname="backend.tests.test_afifa_backend" name="test_health" time="0.227" /><testcase classname="backend.tests.test_afifa_backend" name="test_auth_me" time="0.152" /><testcase classname="backend.tests.test_afifa_backend" name="test_auth_missing_token" time="0.050" /><testcase classname="backend.tests.test_afifa_backend" name="test_profile_seeded" time="0.048" /><testcase classname="backend.tests.test_afifa_backend" name="test_profile_update_ai_name_updates_wake_word" time="0.114" /><testcase classname="backend.tests.test_afifa_backend" name="test_chat_models" time="0.047" /><testcase classname="backend.tests.test_afifa_backend" name="test_chat_full_flow" time="1.353" /><testcase classname="backend.tests.test_afifa_backend" name="test_memory_crud" time="0.147" /><testcase classname="backend.tests.test_afifa_backend" name="test_jobs_crud_and_llm" time="15.968" /><testcase classname="backend.tests.test_afifa_backend" name="test_code_generate" time="1.617" /><testcase classname="backend.tests.test_afifa_backend" name="test_prompts_crud_and_generate" time="3.595" /><testcase classname="backend.tests.test_afifa_backend" name="test_documents" time="9.929" /><testcase classname="backend.tests.test_afifa_backend" name="test_email_draft_and_summarize" time="4.970" /><testcase classname="backend.tests.test_afifa_backend" name="test_calendar_crud" time="0.210" /><testcase classname="backend.tests.test_afifa_backend" name="test_automation_rule_queue" time="0.143" /><testcase classname="backend.tests.test_afifa_backend" name="test_voice_tts" time="3.547" /></testsuite></testsuites>